<?xml version="1.0" encoding="UTF-8"?>
<!-- Generated by org.testng.reporters.JUnitXMLReporter -->
<testsuite hostname="x200" ignored="6" name="Default test" tests="2" failures="0" timestamp="29 Oct 2017 22:10:03 GMT" time="15.356" errors="0">
  <testcase name="shouldCreateDefaultConnection" time="6.512" classname="testing._DbTest"/>
  <testcase name="shouldGatheredCurrenciesData" time="8.789" classname="testing._DbTest"/>
  <testcase name="shouldGetSortedCurrency" time="0.0" classname="testing._DbTest">
    <ignored/>
  </testcase> <!-- shouldGetSortedCurrency -->
  <testcase name="shouldGetLimittedSortedCurrencyRatiosLowestBidPrice" time="0.0" classname="testing._DbTest">
    <ignored/>
  </testcase> <!-- shouldGetLimittedSortedCurrencyRatiosLowestBidPrice -->
  <testcase name="shouldGetLimittedSortedCurrency" time="0.0" classname="testing._DbTest">
    <ignored/>
  </testcase> <!-- shouldGetLimittedSortedCurrency -->
  <testcase name="shouldThrowRuntimeExceptionDueToWrongParameter" time="0.0" classname="testing._DbTest">
    <ignored/>
  </testcase> <!-- shouldThrowRuntimeExceptionDueToWrongParameter -->
  <testcase name="shouldInsertNewCurrency" time="0.0" classname="testing._DbTest">
    <ignored/>
  </testcase> <!-- shouldInsertNewCurrency -->
  <testcase name="shouldInsertNewCountry" time="0.0" classname="testing._DbTest">
    <ignored/>
  </testcase> <!-- shouldInsertNewCountry -->
</testsuite> <!-- Default test -->
