<?xml version="1.0" encoding="UTF-8"?>
<!-- Generated by org.testng.reporters.JUnitXMLReporter -->
<testsuite hostname="x200" ignored="8" name="Default test" tests="2" failures="0" timestamp="29 Oct 2017 22:40:57 GMT" time="284.853" errors="0">
  <testcase name="shouldCreateDefaultConnection" time="4.97" classname="testing._DbTest"/>
  <testcase name="shouldGatheredCurrenciesData" time="279.735" classname="testing._DbTest"/>
  <testcase name="shouldGetSortedCurrency" time="0.0" classname="testing._DbTest">
    <ignored/>
  </testcase> <!-- shouldGetSortedCurrency -->
  <testcase name="shouldGetLimittedSortedCurrencyRatiosLowestBidPrice" time="0.0" classname="testing._DbTest">
    <ignored/>
  </testcase> <!-- shouldGetLimittedSortedCurrencyRatiosLowestBidPrice -->
  <testcase name="shouldGetLimittedSortedCurrency" time="0.0" classname="testing._DbTest">
    <ignored/>
  </testcase> <!-- shouldGetLimittedSortedCurrency -->
  <testcase name="shouldThrowRuntimeExceptionDueToWrongParameter" time="0.0" classname="testing._DbTest">
    <ignored/>
  </testcase> <!-- shouldThrowRuntimeExceptionDueToWrongParameter -->
  <testcase name="shouldDisconnectCurrencyCountry" time="0.0" classname="testing._DbTest">
    <ignored/>
  </testcase> <!-- shouldDisconnectCurrencyCountry -->
  <testcase name="shouldInsertNewCurrency" time="0.0" classname="testing._DbTest">
    <ignored/>
  </testcase> <!-- shouldInsertNewCurrency -->
  <testcase name="shouldConnectCurrencyCountry" time="0.0" classname="testing._DbTest">
    <ignored/>
  </testcase> <!-- shouldConnectCurrencyCountry -->
  <testcase name="shouldInsertNewCountry" time="0.0" classname="testing._DbTest">
    <ignored/>
  </testcase> <!-- shouldInsertNewCountry -->
</testsuite> <!-- Default test -->
