<?xml version="1.0" encoding="UTF-8"?>
<!-- Generated by org.testng.reporters.JUnitXMLReporter -->
<testsuite hostname="x200" ignored="0" name="Default test" tests="16" failures="0" timestamp="07 Nov 2017 12:44:27 GMT" time="29.326" errors="0">
  <testcase name="shouldCreateDefaultConnection" time="5.814" classname="testing._DbTest"/>
  <testcase name="shouldThrowRuntimeExceptionDueToWrongParameter" time="0.007" classname="testing._DbTest"/>
  <testcase name="shouldGatherCurrenciesData" time="22.846" classname="testing._DbTest"/>
  <testcase name="shouldGetHighestPriceDifferenceOfCurrencyRatios" time="0.017" classname="testing._DbTest"/>
  <testcase name="shouldGetLimittedSortedCurrency" time="0.007" classname="testing._DbTest"/>
  <testcase name="shouldGetLimittedSortedCurrencyRatiosLowestBidPrice" time="0.012" classname="testing._DbTest"/>
  <testcase name="shouldGetSortedCurrency" time="0.012" classname="testing._DbTest"/>
  <testcase name="shouldInsertNewCountry" time="0.06" classname="testing._DbTest"/>
  <testcase name="shouldInsertNewCurrency" time="0.026" classname="testing._DbTest"/>
  <testcase name="shouldEnsureFetchingResults" time="0.036" classname="testing._DbTest"/>
  <testcase name="shouldGetCurrencyRatio" time="0.038" classname="testing._DbTest"/>
  <testcase name="shouldConnectCurrencyCountry" time="0.046" classname="testing._DbTest"/>
  <testcase name="shouldTemporaryConnectSecondCurrencyCountry" time="0.046" classname="testing._DbTest"/>
  <testcase name="shouldDisconnectCurrencyCountryRelations" time="0.087" classname="testing._DbTest"/>
  <testcase name="shouldGetAllConnectedToCountryOnDay" time="0.0" classname="testing._DbTest"/>
  <testcase name="shouldRemoveObjects" time="0.07" classname="testing._DbTest"/>
</testsuite> <!-- Default test -->
