<?xml version="1.0" encoding="UTF-8"?>
<!-- Generated by org.testng.reporters.JUnitXMLReporter -->
<testsuite hostname="x200" ignored="0" name="Default test" tests="15" failures="0" timestamp="06 Nov 2017 14:01:32 GMT" time="3166.943" errors="0">
  <testcase name="shouldCreateDefaultConnection" time="3.951" classname="testing._DbTest"/>
  <testcase name="shouldThrowRuntimeExceptionDueToWrongParameter" time="0.003" classname="testing._DbTest"/>
  <testcase name="shouldGatherCurrenciesData" time="3162.009" classname="testing._DbTest"/>
  <testcase name="shouldGetHighestPriceDifferenceOfCurrencyRatios" time="0.079" classname="testing._DbTest"/>
  <testcase name="shouldGetLimittedSortedCurrency" time="0.009" classname="testing._DbTest"/>
  <testcase name="shouldGetLimittedSortedCurrencyRatiosLowestBidPrice" time="0.059" classname="testing._DbTest"/>
  <testcase name="shouldGetSortedCurrency" time="0.008" classname="testing._DbTest"/>
  <testcase name="shouldInsertNewCountry" time="0.094" classname="testing._DbTest"/>
  <testcase name="shouldInsertNewCurrency" time="0.017" classname="testing._DbTest"/>
  <testcase name="shouldFetchObjects" time="0.046" classname="testing._DbTest"/>
  <testcase name="shouldGetCurrencyRatio" time="0.022" classname="testing._DbTest"/>
  <testcase name="shouldConnectCurrencyCountry" time="0.071" classname="testing._DbTest"/>
  <testcase name="shouldTemporaryConnectSecondCurrencyCountry" time="0.252" classname="testing._DbTest"/>
  <testcase name="shouldDisconnectCurrencyCountry" time="0.049" classname="testing._DbTest"/>
  <testcase name="shouldRemoveObjects" time="0.106" classname="testing._DbTest"/>
</testsuite> <!-- Default test -->
