<?xml version="1.0" encoding="UTF-8"?>
<!-- Generated by org.testng.reporters.JUnitXMLReporter -->
<testsuite hostname="x200" ignored="13" name="Default test" tests="2" failures="0" timestamp="06 Nov 2017 21:30:12 GMT" time="3523.414" errors="0">
  <testcase name="shouldCreateDefaultConnection" time="3.0" classname="testing._DbTest"/>
  <testcase name="shouldGatherCurrenciesData" time="3520.355" classname="testing._DbTest"/>
  <testcase name="shouldGetSortedCurrency" time="0.0" classname="testing._DbTest">
    <ignored/>
  </testcase> <!-- shouldGetSortedCurrency -->
  <testcase name="shouldRemoveObjects" time="0.0" classname="testing._DbTest">
    <ignored/>
  </testcase> <!-- shouldRemoveObjects -->
  <testcase name="shouldGetLimittedSortedCurrencyRatiosLowestBidPrice" time="0.0" classname="testing._DbTest">
    <ignored/>
  </testcase> <!-- shouldGetLimittedSortedCurrencyRatiosLowestBidPrice -->
  <testcase name="shouldGetLimittedSortedCurrency" time="0.0" classname="testing._DbTest">
    <ignored/>
  </testcase> <!-- shouldGetLimittedSortedCurrency -->
  <testcase name="shouldGetCurrencyRatio" time="0.0" classname="testing._DbTest">
    <ignored/>
  </testcase> <!-- shouldGetCurrencyRatio -->
  <testcase name="shouldInsertNewCountry" time="0.0" classname="testing._DbTest">
    <ignored/>
  </testcase> <!-- shouldInsertNewCountry -->
  <testcase name="shouldTemporaryConnectSecondCurrencyCountry" time="0.0" classname="testing._DbTest">
    <ignored/>
  </testcase> <!-- shouldTemporaryConnectSecondCurrencyCountry -->
  <testcase name="shouldFetchObjects" time="0.0" classname="testing._DbTest">
    <ignored/>
  </testcase> <!-- shouldFetchObjects -->
  <testcase name="shouldThrowRuntimeExceptionDueToWrongParameter" time="0.0" classname="testing._DbTest">
    <ignored/>
  </testcase> <!-- shouldThrowRuntimeExceptionDueToWrongParameter -->
  <testcase name="shouldGetHighestPriceDifferenceOfCurrencyRatios" time="0.0" classname="testing._DbTest">
    <ignored/>
  </testcase> <!-- shouldGetHighestPriceDifferenceOfCurrencyRatios -->
  <testcase name="shouldDisconnectCurrencyCountry" time="0.0" classname="testing._DbTest">
    <ignored/>
  </testcase> <!-- shouldDisconnectCurrencyCountry -->
  <testcase name="shouldInsertNewCurrency" time="0.0" classname="testing._DbTest">
    <ignored/>
  </testcase> <!-- shouldInsertNewCurrency -->
  <testcase name="shouldConnectCurrencyCountry" time="0.0" classname="testing._DbTest">
    <ignored/>
  </testcase> <!-- shouldConnectCurrencyCountry -->
</testsuite> <!-- Default test -->
