<?xml version="1.0" encoding="UTF-8"?>
<!-- Generated by org.testng.reporters.JUnitXMLReporter -->
<testsuite hostname="x200" ignored="0" name="Default test" tests="15" failures="1" timestamp="07 Nov 2017 15:01:05 GMT" time="12.446" errors="0">
  <testcase name="shouldCreateDefaultConnection" time="7.887" classname="testing._DbTest"/>
  <testcase name="shouldThrowRuntimeExceptionDueToWrongParameter" time="0.05" classname="testing._DbTest"/>
  <testcase name="shouldGetHighestPriceDifferenceOfCurrencyRatios" time="0.725" classname="testing._DbTest"/>
  <testcase name="shouldGetLimittedSortedCurrency" time="0.028" classname="testing._DbTest"/>
  <testcase name="shouldGetLimittedSortedCurrencyRatiosLowestBidPrice" time="0.013" classname="testing._DbTest"/>
  <testcase name="shouldGetSortedCurrency" time="0.13" classname="testing._DbTest"/>
  <testcase name="shouldInsertNewCountry" time="0.571" classname="testing._DbTest"/>
  <testcase name="shouldInsertNewCurrency" time="0.275" classname="testing._DbTest"/>
  <testcase name="shouldEnsureFetchingResults" time="0.011" classname="testing._DbTest"/>
  <testcase name="shouldGetCurrencyRatio" time="0.25" classname="testing._DbTest"/>
  <testcase name="shouldConnectCurrencyCountry" time="0.14" classname="testing._DbTest"/>
  <testcase name="shouldTemporaryConnectSecondCurrencyCountry" time="0.273" classname="testing._DbTest"/>
  <testcase name="shouldGetAllConnectedToCountryOnDay" time="0.961" classname="testing._DbTest">
    <failure type="javax.persistence.PersistenceException" message="org.hibernate.exception.DataException: could not extract ResultSet">
      <![CDATA[javax.persistence.PersistenceException: org.hibernate.exception.DataException: could not extract ResultSet
	at org.hibernate.internal.ExceptionConverterImpl.convert(ExceptionConverterImpl.java:149)
	at org.hibernate.internal.ExceptionConverterImpl.convert(ExceptionConverterImpl.java:157)
	at org.hibernate.query.internal.AbstractProducedQuery.list(AbstractProducedQuery.java:1423)
	at org.hibernate.query.Query.getResultList(Query.java:146)
	at persistence.db.queries.BasicOperations.presentQueryResultAndJustCloseSession(BasicOperations.java:47)
	at persistence.db.queries.PGQSelect.fetchCountryAssociates_ByNameAndDay(PGQSelect.java:49)
	at testing._DbTest.shouldGetAllConnectedToCountryOnDay(_DbTest.java:280)
	at sun.reflect.NativeMethodAccessorImpl.invoke0(Native Method)
	at sun.reflect.NativeMethodAccessorImpl.invoke(NativeMethodAccessorImpl.java:62)
	at sun.reflect.DelegatingMethodAccessorImpl.invoke(DelegatingMethodAccessorImpl.java:43)
	at java.lang.reflect.Method.invoke(Method.java:498)
	at org.testng.internal.MethodInvocationHelper.invokeMethod(MethodInvocationHelper.java:108)
	at org.testng.internal.Invoker.invokeMethod(Invoker.java:669)
	at org.testng.internal.Invoker.invokeTestMethod(Invoker.java:877)
	at org.testng.internal.Invoker.invokeTestMethods(Invoker.java:1201)
	at org.testng.internal.TestMethodWorker.invokeTestMethods(TestMethodWorker.java:125)
	at org.testng.internal.TestMethodWorker.run(TestMethodWorker.java:109)
	at org.testng.TestRunner.privateRun(TestRunner.java:776)
	at org.testng.TestRunner.run(TestRunner.java:634)
	at org.testng.SuiteRunner.runTest(SuiteRunner.java:425)
	at org.testng.SuiteRunner.runSequentially(SuiteRunner.java:420)
	at org.testng.SuiteRunner.privateRun(SuiteRunner.java:385)
	at org.testng.SuiteRunner.run(SuiteRunner.java:334)
	at org.testng.SuiteRunnerWorker.runSuite(SuiteRunnerWorker.java:52)
	at org.testng.SuiteRunnerWorker.run(SuiteRunnerWorker.java:86)
	at org.testng.TestNG.runSuitesSequentially(TestNG.java:1318)
	at org.testng.TestNG.runSuitesLocally(TestNG.java:1243)
	at org.testng.TestNG.runSuites(TestNG.java:1161)
	at org.testng.TestNG.run(TestNG.java:1129)
	at org.testng.remote.AbstractRemoteTestNG.run(AbstractRemoteTestNG.java:114)
	at org.testng.remote.RemoteTestNG.initAndRun(RemoteTestNG.java:251)
	at org.testng.remote.RemoteTestNG.main(RemoteTestNG.java:77)
Caused by: org.hibernate.exception.DataException: could not extract ResultSet
	at org.hibernate.exception.internal.SQLStateConversionDelegate.convert(SQLStateConversionDelegate.java:118)
	at org.hibernate.exception.internal.StandardSQLExceptionConverter.convert(StandardSQLExceptionConverter.java:42)
	at org.hibernate.engine.jdbc.spi.SqlExceptionHelper.convert(SqlExceptionHelper.java:111)
	at org.hibernate.engine.jdbc.spi.SqlExceptionHelper.convert(SqlExceptionHelper.java:97)
	at org.hibernate.engine.jdbc.internal.ResultSetReturnImpl.extract(ResultSetReturnImpl.java:69)
	at org.hibernate.loader.Loader.getResultSet(Loader.java:2178)
	at org.hibernate.loader.Loader.executeQueryStatement(Loader.java:1941)
	at org.hibernate.loader.Loader.executeQueryStatement(Loader.java:1903)
	at org.hibernate.loader.Loader.doQuery(Loader.java:948)
	at org.hibernate.loader.Loader.doQueryAndInitializeNonLazyCollections(Loader.java:351)
	at org.hibernate.loader.Loader.doList(Loader.java:2702)
	at org.hibernate.loader.Loader.doList(Loader.java:2685)
	at org.hibernate.loader.Loader.listIgnoreQueryCache(Loader.java:2517)
	at org.hibernate.loader.Loader.list(Loader.java:2512)
	at org.hibernate.loader.hql.QueryLoader.list(QueryLoader.java:502)
	at org.hibernate.hql.internal.ast.QueryTranslatorImpl.list(QueryTranslatorImpl.java:384)
	at org.hibernate.engine.query.spi.HQLQueryPlan.performList(HQLQueryPlan.java:216)
	at org.hibernate.internal.SessionImpl.list(SessionImpl.java:1490)
	at org.hibernate.query.internal.AbstractProducedQuery.doList(AbstractProducedQuery.java:1445)
	at org.hibernate.query.internal.AbstractProducedQuery.list(AbstractProducedQuery.java:1414)
	... 29 more
Caused by: org.postgresql.util.PSQLException: No value specified for parameter 2.
	at org.postgresql.core.v3.SimpleParameterList.checkAllParametersSet(SimpleParameterList.java:257)
	at org.postgresql.core.v3.QueryExecutorImpl.execute(QueryExecutorImpl.java:284)
	at org.postgresql.jdbc.PgStatement.executeInternal(PgStatement.java:428)
	at org.postgresql.jdbc.PgStatement.execute(PgStatement.java:354)
	at org.postgresql.jdbc.PgPreparedStatement.executeWithFlags(PgPreparedStatement.java:169)
	at org.postgresql.jdbc.PgPreparedStatement.executeQuery(PgPreparedStatement.java:117)
	at org.hibernate.engine.jdbc.internal.ResultSetReturnImpl.extract(ResultSetReturnImpl.java:60)
	... 44 more
]]>
    </failure>
  </testcase> <!-- shouldGetAllConnectedToCountryOnDay -->
  <testcase name="shouldDisconnectCurrencyCountryRelations" time="0.0" classname="testing._DbTest">
    <skipped/>
  </testcase> <!-- shouldDisconnectCurrencyCountryRelations -->
  <testcase name="shouldRemoveObjects" time="0.0" classname="testing._DbTest">
    <skipped/>
  </testcase> <!-- shouldRemoveObjects -->
</testsuite> <!-- Default test -->
