<?xml version="1.0" encoding="UTF-8"?>
<!-- Generated by org.testng.reporters.JUnitXMLReporter -->
<testsuite hostname="x200" ignored="0" name="Default test" tests="12" failures="0" timestamp="06 Nov 2017 06:51:10 GMT" time="6.251" errors="0">
  <testcase name="shouldCreateDefaultConnection" time="4.499" classname="testing._DbTest"/>
  <testcase name="shouldThrowRuntimeExceptionDueToWrongParameter" time="0.018" classname="testing._DbTest"/>
  <testcase name="shouldGetHighestPriceDifferenceOfCurrencyRatios" time="0.28" classname="testing._DbTest"/>
  <testcase name="shouldGetLimittedSortedCurrency" time="0.01" classname="testing._DbTest"/>
  <testcase name="shouldGetLimittedSortedCurrencyRatiosLowestBidPrice" time="0.027" classname="testing._DbTest"/>
  <testcase name="shouldGetSortedCurrency" time="0.106" classname="testing._DbTest"/>
  <testcase name="shouldInsertNewCountry" time="0.272" classname="testing._DbTest"/>
  <testcase name="shouldInsertNewCurrency" time="0.17" classname="testing._DbTest"/>
  <testcase name="shouldFetchObjects" time="0.015" classname="testing._DbTest"/>
  <testcase name="shouldConnectCurrencyCountry" time="0.191" classname="testing._DbTest"/>
  <testcase name="shouldDisconnectCurrencyCountry" time="0.268" classname="testing._DbTest"/>
  <testcase name="shouldRemoveObjects" time="0.22" classname="testing._DbTest"/>
</testsuite> <!-- Default test -->
