<?xml version="1.0" encoding="UTF-8"?>
<!-- Generated by org.testng.reporters.JUnitXMLReporter -->
<testsuite hostname="x200" ignored="11" name="Default test" tests="1" failures="0" timestamp="03 Nov 2017 07:53:02 GMT" time="3.671" errors="0">
  <testcase name="shouldInitializeDbStructure" time="3.586" classname="testing._DbTest"/>
  <testcase name="shouldGetSortedCurrency" time="0.0" classname="testing._DbTest">
    <ignored/>
  </testcase> <!-- shouldGetSortedCurrency -->
  <testcase name="shouldRemoveObjects" time="0.0" classname="testing._DbTest">
    <ignored/>
  </testcase> <!-- shouldRemoveObjects -->
  <testcase name="shouldGetLimittedSortedCurrencyRatiosLowestBidPrice" time="0.0" classname="testing._DbTest">
    <ignored/>
  </testcase> <!-- shouldGetLimittedSortedCurrencyRatiosLowestBidPrice -->
  <testcase name="shouldGetLimittedSortedCurrency" time="0.0" classname="testing._DbTest">
    <ignored/>
  </testcase> <!-- shouldGetLimittedSortedCurrency -->
  <testcase name="shouldThrowRuntimeExceptionDueToWrongParameter" time="0.0" classname="testing._DbTest">
    <ignored/>
  </testcase> <!-- shouldThrowRuntimeExceptionDueToWrongParameter -->
  <testcase name="shouldGetHighestPriceDifferenceOfCurrencyRatios" time="0.0" classname="testing._DbTest">
    <ignored/>
  </testcase> <!-- shouldGetHighestPriceDifferenceOfCurrencyRatios -->
  <testcase name="shouldDisconnectCurrencyCountry" time="0.0" classname="testing._DbTest">
    <ignored/>
  </testcase> <!-- shouldDisconnectCurrencyCountry -->
  <testcase name="shouldInsertNewCurrency" time="0.0" classname="testing._DbTest">
    <ignored/>
  </testcase> <!-- shouldInsertNewCurrency -->
  <testcase name="shouldConnectCurrencyCountry" time="0.0" classname="testing._DbTest">
    <ignored/>
  </testcase> <!-- shouldConnectCurrencyCountry -->
  <testcase name="shouldCreateDefaultConnection" time="0.0" classname="testing._DbTest">
    <ignored/>
  </testcase> <!-- shouldCreateDefaultConnection -->
  <testcase name="shouldInsertNewCountry" time="0.0" classname="testing._DbTest">
    <ignored/>
  </testcase> <!-- shouldInsertNewCountry -->
</testsuite> <!-- Default test -->
