<?xml version="1.0" encoding="UTF-8"?>
<!-- Generated by org.testng.reporters.JUnitXMLReporter -->
<testsuite hostname="x200" ignored="0" name="Default test" tests="5" failures="0" timestamp="25 Oct 2017 22:44:25 GMT" time="66.411" errors="0">
  <testcase name="createDefaultConnection" time="34.28" classname="testing._DbTest"/>
  <testcase name="getData" time="31.574" classname="testing._DbTest"/>
  <testcase name="getLimittedSortedCurrency" time="0.284" classname="testing._DbTest"/>
  <testcase name="getLimittedSortedCurrencyRatiosLowestBidPrice" time="0.006" classname="testing._DbTest"/>
  <testcase name="getSortedCurrency" time="0.013" classname="testing._DbTest"/>
</testsuite> <!-- Default test -->
