<?xml version="1.0" encoding="UTF-8"?>
<!-- Generated by org.testng.reporters.JUnitXMLReporter -->
<testsuite hostname="x200" ignored="0" name="Default test" tests="4" failures="0" timestamp="22 Oct 2017 18:58:45 GMT" time="0.962" errors="0">
  <testcase name="testActualExchangeForUSD" time="0.491" classname="testing._SmokeTest"/>
  <testcase name="testGeneralExchangeForUSD" time="0.045" classname="testing._SmokeTest"/>
  <testcase name="testGeneralPeriodTimedExchangeWeekAgo" time="0.082" classname="testing._SmokeTest"/>
  <testcase name="testGeneralTimedExchangeForUSDWeekAgo" time="0.056" classname="testing._SmokeTest"/>
</testsuite> <!-- Default test -->
