<?xml version="1.0" encoding="UTF-8"?>
<!-- Generated by org.testng.reporters.JUnitXMLReporter -->
<testsuite hostname="x200" ignored="17" name="Default test" tests="1" failures="0" timestamp="08 Nov 2017 15:00:18 GMT" time="5.952" errors="0">
  <testcase name="shouldInitializeDbStructure" time="5.896" classname="testing._DbTest"/>
  <testcase name="shouldGetSortedCurrency" time="0.0" classname="testing._DbTest">
    <ignored/>
  </testcase> <!-- shouldGetSortedCurrency -->
  <testcase name="shouldRemoveObjects" time="0.0" classname="testing._DbTest">
    <ignored/>
  </testcase> <!-- shouldRemoveObjects -->
  <testcase name="shouldGetLimittedSortedCurrencyRatiosLowestBidPrice" time="0.0" classname="testing._DbTest">
    <ignored/>
  </testcase> <!-- shouldGetLimittedSortedCurrencyRatiosLowestBidPrice -->
  <testcase name="shouldEnsureFetchingResults" time="0.0" classname="testing._DbTest">
    <ignored/>
  </testcase> <!-- shouldEnsureFetchingResults -->
  <testcase name="shouldGetLimittedSortedCurrency" time="0.0" classname="testing._DbTest">
    <ignored/>
  </testcase> <!-- shouldGetLimittedSortedCurrency -->
  <testcase name="shouldGetCurrencyRatio" time="0.0" classname="testing._DbTest">
    <ignored/>
  </testcase> <!-- shouldGetCurrencyRatio -->
  <testcase name="shouldDestroyDbStructure" time="0.0" classname="testing._DbTest">
    <ignored/>
  </testcase> <!-- shouldDestroyDbStructure -->
  <testcase name="shouldCreateDefaultConnection" time="0.0" classname="testing._DbTest">
    <ignored/>
  </testcase> <!-- shouldCreateDefaultConnection -->
  <testcase name="shouldInsertNewCountry" time="0.0" classname="testing._DbTest">
    <ignored/>
  </testcase> <!-- shouldInsertNewCountry -->
  <testcase name="shouldGetAllRatiosConnectedToCountryOnDay" time="0.0" classname="testing._DbTest">
    <ignored/>
  </testcase> <!-- shouldGetAllRatiosConnectedToCountryOnDay -->
  <testcase name="shouldGetOnlyMultiCurrencyCountries" time="0.0" classname="testing._DbTest">
    <ignored/>
  </testcase> <!-- shouldGetOnlyMultiCurrencyCountries -->
  <testcase name="shouldGetHighestPriceDifferenceOfCurrencyRatios" time="0.0" classname="testing._DbTest">
    <ignored/>
  </testcase> <!-- shouldGetHighestPriceDifferenceOfCurrencyRatios -->
  <testcase name="shouldThrowRuntimeExceptionDueToWrongParameter" time="0.0" classname="testing._DbTest">
    <ignored/>
  </testcase> <!-- shouldThrowRuntimeExceptionDueToWrongParameter -->
  <testcase name="shouldInsertNewCurrency" time="0.0" classname="testing._DbTest">
    <ignored/>
  </testcase> <!-- shouldInsertNewCurrency -->
  <testcase name="shouldGetCurrencyCountForEachCountry" time="0.0" classname="testing._DbTest">
    <ignored/>
  </testcase> <!-- shouldGetCurrencyCountForEachCountry -->
  <testcase name="shouldConnectCurrencyCountry" time="0.0" classname="testing._DbTest">
    <ignored/>
  </testcase> <!-- shouldConnectCurrencyCountry -->
  <testcase name="shouldDisconnectCurrencyCountryRelations" time="0.0" classname="testing._DbTest">
    <ignored/>
  </testcase> <!-- shouldDisconnectCurrencyCountryRelations -->
</testsuite> <!-- Default test -->
