<?xml version="1.0" encoding="UTF-8"?>
<!-- Generated by org.testng.reporters.JUnitXMLReporter -->
<testsuite hostname="x200" ignored="0" name="Default test" tests="13" failures="0" timestamp="06 Nov 2017 07:38:17 GMT" time="4.316" errors="0">
  <testcase name="shouldCreateDefaultConnection" time="3.203" classname="testing._DbTest"/>
  <testcase name="shouldThrowRuntimeExceptionDueToWrongParameter" time="0.007" classname="testing._DbTest"/>
  <testcase name="shouldGetHighestPriceDifferenceOfCurrencyRatios" time="0.305" classname="testing._DbTest"/>
  <testcase name="shouldGetLimittedSortedCurrency" time="0.013" classname="testing._DbTest"/>
  <testcase name="shouldGetLimittedSortedCurrencyRatiosLowestBidPrice" time="0.018" classname="testing._DbTest"/>
  <testcase name="shouldGetSortedCurrency" time="0.138" classname="testing._DbTest"/>
  <testcase name="shouldInsertNewCountry" time="0.113" classname="testing._DbTest"/>
  <testcase name="shouldInsertNewCurrency" time="0.015" classname="testing._DbTest"/>
  <testcase name="shouldFetchObjects" time="0.024" classname="testing._DbTest"/>
  <testcase name="shouldConnectCurrencyCountry" time="0.081" classname="testing._DbTest"/>
  <testcase name="shouldConnectSecondCurrencyCountry" time="0.143" classname="testing._DbTest"/>
  <testcase name="shouldDisconnectCurrencyCountry" time="0.045" classname="testing._DbTest"/>
  <testcase name="shouldRemoveObjects" time="0.044" classname="testing._DbTest"/>
</testsuite> <!-- Default test -->
