<?xml version="1.0" encoding="UTF-8"?>
<!-- Generated by org.testng.reporters.JUnitXMLReporter -->
<testsuite hostname="x200" ignored="0" name="Default test" tests="16" failures="0" timestamp="09 Nov 2017 06:58:43 GMT" time="40.687" errors="0">
  <testcase name="shouldCreateDefaultConnection" time="19.488" classname="testing._DbTest"/>
  <testcase name="shouldGatherCurrenciesData" time="19.205" classname="testing._DbTest"/>
  <testcase name="shouldGetHighestPriceDifferenceOfCurrencyRatios" time="0.073" classname="testing._DbTest"/>
  <testcase name="shouldGetLimittedSortedCurrency" time="0.029" classname="testing._DbTest"/>
  <testcase name="shouldGetLimittedSortedCurrencyRatiosLowestBidPrice" time="0.007" classname="testing._DbTest"/>
  <testcase name="shouldGetSortedCurrency" time="0.008" classname="testing._DbTest"/>
  <testcase name="shouldInsertNewCountry" time="0.339" classname="testing._DbTest"/>
  <testcase name="shouldInsertNewCurrency" time="0.148" classname="testing._DbTest"/>
  <testcase name="shouldEnsureFetchingResults" time="0.057" classname="testing._DbTest"/>
  <testcase name="shouldGetCurrencyRatio" time="0.102" classname="testing._DbTest"/>
  <testcase name="shouldConnectCurrencyCountry" time="0.238" classname="testing._DbTest"/>
  <testcase name="shouldGetAllRatiosConnectedToCountryOnDay" time="0.014" classname="testing._DbTest"/>
  <testcase name="shouldGetCurrencyCountForEachCountry" time="0.109" classname="testing._DbTest"/>
  <testcase name="shouldGetOnlyMultiCurrencyCountries" time="0.008" classname="testing._DbTest"/>
  <testcase name="shouldDisconnectCurrencyCountryRelations" time="0.22" classname="testing._DbTest"/>
  <testcase name="shouldRemoveObjects" time="0.331" classname="testing._DbTest"/>
</testsuite> <!-- Default test -->
