<?xml version="1.0" encoding="UTF-8"?>
<!-- Generated by org.testng.reporters.JUnitXMLReporter -->
<testsuite hostname="x200" ignored="0" name="Default test" tests="4" failures="0" timestamp="26 Oct 2017 06:35:43 GMT" time="0.655" errors="0">
  <testcase name="testActualExchangeForUSD" time="0.278" classname="testing._SmokeTest"/>
  <testcase name="testGeneralExchangeForUSD" time="0.041" classname="testing._SmokeTest"/>
  <testcase name="testGeneralPeriodTimedExchangeWeekAgo" time="0.145" classname="testing._SmokeTest"/>
  <testcase name="testGeneralTimedExchangeForUSDWeekAgo" time="0.027" classname="testing._SmokeTest"/>
</testsuite> <!-- Default test -->
