<?xml version="1.0" encoding="UTF-8"?>
<!-- Generated by org.testng.reporters.JUnitXMLReporter -->
<testsuite hostname="x200" ignored="0" name="Default test" tests="3" failures="0" timestamp="25 Oct 2017 15:14:49 GMT" time="8.322" errors="0">
  <testcase name="createDefaultConnection" time="2.959" classname="testing._DbTest"/>
  <testcase name="getData" time="5.28" classname="testing._DbTest"/>
  <testcase name="getSortedCurrency" time="0.019" classname="testing._DbTest"/>
</testsuite> <!-- Default test -->
