<?xml version="1.0" encoding="UTF-8"?>
<!-- Generated by org.testng.reporters.JUnitXMLReporter -->
<testsuite hostname="x200" ignored="4" name="Default test" tests="3" failures="0" timestamp="29 Oct 2017 21:06:33 GMT" time="7.431" errors="0">
  <testcase name="shouldCreateDefaultConnection" time="6.605" classname="testing._DbTest"/>
  <testcase name="shouldInsertNewCurrency" time="0.716" classname="testing._DbTest"/>
  <testcase name="shouldInsertNewCountry" time="0.028" classname="testing._DbTest"/>
  <testcase name="shouldGetSortedCurrency" time="0.0" classname="testing._DbTest">
    <ignored/>
  </testcase> <!-- shouldGetSortedCurrency -->
  <testcase name="shouldGetLimittedSortedCurrencyRatiosLowestBidPrice" time="0.0" classname="testing._DbTest">
    <ignored/>
  </testcase> <!-- shouldGetLimittedSortedCurrencyRatiosLowestBidPrice -->
  <testcase name="shouldGetLimittedSortedCurrency" time="0.0" classname="testing._DbTest">
    <ignored/>
  </testcase> <!-- shouldGetLimittedSortedCurrency -->
  <testcase name="shouldGatheredCurrenciesData" time="0.0" classname="testing._DbTest">
    <ignored/>
  </testcase> <!-- shouldGatheredCurrenciesData -->
</testsuite> <!-- Default test -->
