<?xml version="1.0" encoding="UTF-8"?>
<!-- Generated by org.testng.reporters.JUnitXMLReporter -->
<testsuite hostname="x200" ignored="0" name="Default test" tests="14" failures="0" timestamp="06 Nov 2017 12:41:21 GMT" time="4.653" errors="0">
  <testcase name="shouldCreateDefaultConnection" time="3.007" classname="testing._DbTest"/>
  <testcase name="shouldThrowRuntimeExceptionDueToWrongParameter" time="0.003" classname="testing._DbTest"/>
  <testcase name="shouldGetHighestPriceDifferenceOfCurrencyRatios" time="0.305" classname="testing._DbTest"/>
  <testcase name="shouldGetLimittedSortedCurrency" time="0.01" classname="testing._DbTest"/>
  <testcase name="shouldGetLimittedSortedCurrencyRatiosLowestBidPrice" time="0.021" classname="testing._DbTest"/>
  <testcase name="shouldGetSortedCurrency" time="0.063" classname="testing._DbTest"/>
  <testcase name="shouldInsertNewCountry" time="0.11" classname="testing._DbTest"/>
  <testcase name="shouldInsertNewCurrency" time="0.044" classname="testing._DbTest"/>
  <testcase name="shouldFetchObjects" time="0.031" classname="testing._DbTest"/>
  <testcase name="shouldGetCurrencyRatio" time="0.092" classname="testing._DbTest"/>
  <testcase name="shouldConnectCurrencyCountry" time="0.137" classname="testing._DbTest"/>
  <testcase name="shouldConnectSecondCurrencyCountry" time="0.426" classname="testing._DbTest"/>
  <testcase name="shouldDisconnectCurrencyCountry" time="0.154" classname="testing._DbTest"/>
  <testcase name="shouldRemoveObjects" time="0.12" classname="testing._DbTest"/>
</testsuite> <!-- Default test -->
