<?xml version="1.0" encoding="UTF-8"?>
<!-- Generated by org.testng.reporters.JUnitXMLReporter -->
<testsuite hostname="x200" ignored="0" name="Default test" tests="16" failures="0" timestamp="08 Nov 2017 12:48:09 GMT" time="3.733" errors="0">
  <testcase name="shouldCreateDefaultConnection" time="2.647" classname="testing._DbTest"/>
  <testcase name="shouldThrowRuntimeExceptionDueToWrongParameter" time="0.004" classname="testing._DbTest"/>
  <testcase name="shouldGetHighestPriceDifferenceOfCurrencyRatios" time="0.25" classname="testing._DbTest"/>
  <testcase name="shouldGetLimittedSortedCurrency" time="0.009" classname="testing._DbTest"/>
  <testcase name="shouldGetLimittedSortedCurrencyRatiosLowestBidPrice" time="0.018" classname="testing._DbTest"/>
  <testcase name="shouldGetSortedCurrency" time="0.087" classname="testing._DbTest"/>
  <testcase name="shouldInsertNewCountry" time="0.081" classname="testing._DbTest"/>
  <testcase name="shouldInsertNewCurrency" time="0.037" classname="testing._DbTest"/>
  <testcase name="shouldEnsureFetchingResults" time="0.024" classname="testing._DbTest"/>
  <testcase name="shouldGetCurrencyRatio" time="0.045" classname="testing._DbTest"/>
  <testcase name="shouldConnectCurrencyCountry" time="0.1" classname="testing._DbTest"/>
  <testcase name="shouldGetAllRatiosConnectedToCountryOnDay" time="0.009" classname="testing._DbTest"/>
  <testcase name="shouldGetCurrencyCountForEachCountry" time="0.007" classname="testing._DbTest"/>
  <testcase name="shouldGetOnlyMultiCurrencyCountries" time="0.015" classname="testing._DbTest"/>
  <testcase name="shouldDisconnectCurrencyCountryRelations" time="0.068" classname="testing._DbTest"/>
  <testcase name="shouldRemoveObjects" time="0.127" classname="testing._DbTest"/>
</testsuite> <!-- Default test -->
