<?xml version="1.0" encoding="UTF-8"?>
<!-- Generated by org.testng.reporters.JUnitXMLReporter -->
<testsuite hostname="x200" ignored="0" name="Default test" tests="16" failures="0" timestamp="08 Nov 2017 12:28:29 GMT" time="4.079" errors="0">
  <testcase name="shouldCreateDefaultConnection" time="3.194" classname="testing._DbTest"/>
  <testcase name="shouldThrowRuntimeExceptionDueToWrongParameter" time="0.005" classname="testing._DbTest"/>
  <testcase name="shouldGetHighestPriceDifferenceOfCurrencyRatios" time="0.229" classname="testing._DbTest"/>
  <testcase name="shouldGetLimittedSortedCurrency" time="0.006" classname="testing._DbTest"/>
  <testcase name="shouldGetLimittedSortedCurrencyRatiosLowestBidPrice" time="0.011" classname="testing._DbTest"/>
  <testcase name="shouldGetSortedCurrency" time="0.047" classname="testing._DbTest"/>
  <testcase name="shouldInsertNewCountry" time="0.078" classname="testing._DbTest"/>
  <testcase name="shouldInsertNewCurrency" time="0.033" classname="testing._DbTest"/>
  <testcase name="shouldEnsureFetchingResults" time="0.019" classname="testing._DbTest"/>
  <testcase name="shouldGetCurrencyRatio" time="0.032" classname="testing._DbTest"/>
  <testcase name="shouldConnectCurrencyCountry" time="0.132" classname="testing._DbTest"/>
  <testcase name="shouldGetAllRatiosConnectedToCountryOnDay" time="0.008" classname="testing._DbTest"/>
  <testcase name="shouldGetCurrencyCountForEachCountry" time="0.003" classname="testing._DbTest"/>
  <testcase name="shouldGetOnlyMultiCurrencyCountries" time="0.004" classname="testing._DbTest"/>
  <testcase name="shouldDisconnectCurrencyCountryRelations" time="0.059" classname="testing._DbTest"/>
  <testcase name="shouldRemoveObjects" time="0.086" classname="testing._DbTest"/>
</testsuite> <!-- Default test -->
