<?xml version="1.0" encoding="UTF-8"?>
<!-- Generated by org.testng.reporters.JUnitXMLReporter -->
<testsuite hostname="x200" ignored="3" name="Default test" tests="1" failures="0" timestamp="22 Oct 2017 16:23:32 GMT" time="0.518" errors="0">
  <testcase name="testGeneralPeriodTimedExchangeWeekAgo" time="0.346" classname="testing._SmokeTest"/>
  <testcase name="testActualExchangeForUSD" time="0.0" classname="testing._SmokeTest">
    <ignored/>
  </testcase> <!-- testActualExchangeForUSD -->
  <testcase name="testGeneralExchangeForUSD" time="0.0" classname="testing._SmokeTest">
    <ignored/>
  </testcase> <!-- testGeneralExchangeForUSD -->
  <testcase name="testGeneralTimedExchangeForUSDWeekAgo" time="0.0" classname="testing._SmokeTest">
    <ignored/>
  </testcase> <!-- testGeneralTimedExchangeForUSDWeekAgo -->
</testsuite> <!-- Default test -->
