<?xml version="1.0" encoding="UTF-8"?>
<!-- Generated by org.testng.reporters.JUnitXMLReporter -->
<testsuite hostname="x200" ignored="0" name="General test" tests="5" failures="1" timestamp="23 Oct 2017 10:56:27 GMT" time="4.704" errors="0">
  <testcase name="testActualExchangeForUSD" time="0.557" classname="testing._SmokeTest"/>
  <testcase name="testGeneralExchangeForUSD" time="0.081" classname="testing._SmokeTest"/>
  <testcase name="testGeneralPeriodTimedExchangeWeekAgo" time="0.247" classname="testing._SmokeTest"/>
  <testcase name="testGeneralTimedExchangeForUSDWeekAgo" time="0.079" classname="testing._SmokeTest"/>
  <testcase name="create" time="3.511" classname="testing._DbTest">
    <failure type="java.lang.RuntimeException">
      <![CDATA[java.lang.RuntimeException
	at db.DbConnection.makeDefaultPostgreConnection(DbConnection.java:46)
	at testing._DbTest.create(_DbTest.java:14)
... Removed 25 stack frames]]>
    </failure>
  </testcase> <!-- create -->
</testsuite> <!-- General test -->
