<?xml version="1.0" encoding="UTF-8"?>
<!-- Generated by org.testng.reporters.JUnitXMLReporter -->
<testsuite hostname="x200" ignored="0" name="General test" tests="3" failures="0" timestamp="17 Oct 2017 06:36:23 GMT" time="0.586" errors="0">
  <testcase name="testActualExchangeForUSD" time="0.315" classname="testing._SmokeTest"/>
  <testcase name="testGeneralExchangeForUSD" time="0.056" classname="testing._SmokeTest"/>
  <testcase name="testGeneralTimedExchangeForUSDWeekAgo" time="0.055" classname="testing._SmokeTest"/>
</testsuite> <!-- General test -->
