<?xml version="1.0" encoding="UTF-8"?>
<testng-results skipped="0" failed="0" ignored="17" total="18" passed="1">
  <reporter-output>
  </reporter-output>
  <suite name="Default suite" duration-ms="5952" started-at="2017-11-08T15:00:12Z" finished-at="2017-11-08T15:00:18Z">
    <groups>
    </groups>
    <test name="Default test" duration-ms="5952" started-at="2017-11-08T15:00:12Z" finished-at="2017-11-08T15:00:18Z">
      <class name="testing._DbTest">
        <test-method status="PASS" signature="setUp()[pri:0, instance:testing._DbTest@2b98378d]" name="setUp" is-config="true" duration-ms="12" started-at="2017-11-08T16:00:12Z" finished-at="2017-11-08T16:00:12Z">
          <reporter-output>
          </reporter-output>
        </test-method> <!-- setUp -->
        <test-method status="PASS" signature="shouldInitializeDbStructure()[pri:0, instance:testing._DbTest@2b98378d]" name="shouldInitializeDbStructure" duration-ms="5896" started-at="2017-11-08T16:00:12Z" finished-at="2017-11-08T16:00:18Z">
          <reporter-output>
          </reporter-output>
        </test-method> <!-- shouldInitializeDbStructure -->
      </class> <!-- testing._DbTest -->
    </test> <!-- Default test -->
  </suite> <!-- Default suite -->
</testng-results>
