<?xml version="1.0" encoding="UTF-8"?>
<testng-results skipped="0" failed="1" ignored="0" total="5" passed="4">
  <reporter-output>
  </reporter-output>
  <suite name="Default suite" duration-ms="6878" started-at="2017-10-26T07:08:26Z" finished-at="2017-10-26T07:08:33Z">
    <groups>
    </groups>
    <test name="Default test" duration-ms="6878" started-at="2017-10-26T07:08:26Z" finished-at="2017-10-26T07:08:33Z">
      <class name="testing._DbTest">
        <test-method status="PASS" signature="createDefaultConnection()[pri:0, instance:testing._DbTest@d2cc05a]" name="createDefaultConnection" duration-ms="5085" started-at="2017-10-26T09:08:26Z" finished-at="2017-10-26T09:08:31Z">
          <reporter-output>
          </reporter-output>
        </test-method> <!-- createDefaultConnection -->
        <test-method status="FAIL" signature="getData()[pri:0, instance:testing._DbTest@d2cc05a]" name="getData" duration-ms="466" started-at="2017-10-26T09:08:31Z" finished-at="2017-10-26T09:08:32Z">
          <exception class="java.lang.RuntimeException">
            <message>
              <![CDATA[java.net.UnknownHostException: api.nbp.pl]]>
            </message>
            <full-stacktrace>
              <![CDATA[java.lang.RuntimeException: java.net.UnknownHostException: api.nbp.pl
	at nbp.connection.HttpConnection.readResponse(HttpConnection.java:54)
	at nbp.connection.HttpConnection.download(HttpConnection.java:22)
	at nbp.downloader.HttpStringDownloader.download(HttpStringDownloader.java:17)
	at nbp.main.HttpXmlNbpPeriodTableCurrency.getXMLSubData(HttpXmlNbpPeriodTableCurrency.java:39)
	at nbp.main.HttpXmlNbpPeriodTableCurrency.getXMLData(HttpXmlNbpPeriodTableCurrency.java:34)
	at nbp.main.HttpXmlNbpPeriodTableCurrency.takeTable(HttpXmlNbpPeriodTableCurrency.java:56)
	at main.Helper.gatherData(Helper.java:28)
	at main.Helper.gatherData(Helper.java:23)
	at testing._DbTest.getData(_DbTest.java:30)
	at sun.reflect.NativeMethodAccessorImpl.invoke0(Native Method)
	at sun.reflect.NativeMethodAccessorImpl.invoke(NativeMethodAccessorImpl.java:62)
	at sun.reflect.DelegatingMethodAccessorImpl.invoke(DelegatingMethodAccessorImpl.java:43)
	at java.lang.reflect.Method.invoke(Method.java:498)
	at org.testng.internal.MethodInvocationHelper.invokeMethod(MethodInvocationHelper.java:108)
	at org.testng.internal.Invoker.invokeMethod(Invoker.java:669)
	at org.testng.internal.Invoker.invokeTestMethod(Invoker.java:877)
	at org.testng.internal.Invoker.invokeTestMethods(Invoker.java:1201)
	at org.testng.internal.TestMethodWorker.invokeTestMethods(TestMethodWorker.java:125)
	at org.testng.internal.TestMethodWorker.run(TestMethodWorker.java:109)
	at org.testng.TestRunner.privateRun(TestRunner.java:776)
	at org.testng.TestRunner.run(TestRunner.java:634)
	at org.testng.SuiteRunner.runTest(SuiteRunner.java:425)
	at org.testng.SuiteRunner.runSequentially(SuiteRunner.java:420)
	at org.testng.SuiteRunner.privateRun(SuiteRunner.java:385)
	at org.testng.SuiteRunner.run(SuiteRunner.java:334)
	at org.testng.SuiteRunnerWorker.runSuite(SuiteRunnerWorker.java:52)
	at org.testng.SuiteRunnerWorker.run(SuiteRunnerWorker.java:86)
	at org.testng.TestNG.runSuitesSequentially(TestNG.java:1318)
	at org.testng.TestNG.runSuitesLocally(TestNG.java:1243)
	at org.testng.TestNG.runSuites(TestNG.java:1161)
	at org.testng.TestNG.run(TestNG.java:1129)
	at org.testng.remote.AbstractRemoteTestNG.run(AbstractRemoteTestNG.java:114)
	at org.testng.remote.RemoteTestNG.initAndRun(RemoteTestNG.java:251)
	at org.testng.remote.RemoteTestNG.main(RemoteTestNG.java:77)
Caused by: java.net.UnknownHostException: api.nbp.pl
	at java.net.AbstractPlainSocketImpl.connect(AbstractPlainSocketImpl.java:184)
	at java.net.SocksSocketImpl.connect(SocksSocketImpl.java:392)
	at java.net.Socket.connect(Socket.java:589)
	at java.net.Socket.connect(Socket.java:538)
	at sun.net.NetworkClient.doConnect(NetworkClient.java:180)
	at sun.net.www.http.HttpClient.openServer(HttpClient.java:463)
	at sun.net.www.http.HttpClient.openServer(HttpClient.java:558)
	at sun.net.www.http.HttpClient.<init>(HttpClient.java:242)
	at sun.net.www.http.HttpClient.New(HttpClient.java:339)
	at sun.net.www.http.HttpClient.New(HttpClient.java:357)
	at sun.net.www.protocol.http.HttpURLConnection.getNewHttpClient(HttpURLConnection.java:1202)
	at sun.net.www.protocol.http.HttpURLConnection.plainConnect0(HttpURLConnection.java:1138)
	at sun.net.www.protocol.http.HttpURLConnection.plainConnect(HttpURLConnection.java:1032)
	at sun.net.www.protocol.http.HttpURLConnection.connect(HttpURLConnection.java:966)
	at sun.net.www.protocol.http.HttpURLConnection.getInputStream0(HttpURLConnection.java:1546)
	at sun.net.www.protocol.http.HttpURLConnection.getInputStream(HttpURLConnection.java:1474)
	at nbp.connection.HttpConnection.readResponse(HttpConnection.java:45)
	... 33 more
]]>
            </full-stacktrace>
          </exception> <!-- java.lang.RuntimeException -->
          <reporter-output>
          </reporter-output>
        </test-method> <!-- getData -->
        <test-method status="PASS" signature="getLimittedSortedCurrency()[pri:0, instance:testing._DbTest@d2cc05a]" name="getLimittedSortedCurrency" duration-ms="1015" started-at="2017-10-26T09:08:32Z" finished-at="2017-10-26T09:08:33Z">
          <reporter-output>
          </reporter-output>
        </test-method> <!-- getLimittedSortedCurrency -->
        <test-method status="PASS" signature="getLimittedSortedCurrencyRatiosLowestBidPrice()[pri:0, instance:testing._DbTest@d2cc05a]" name="getLimittedSortedCurrencyRatiosLowestBidPrice" duration-ms="131" started-at="2017-10-26T09:08:33Z" finished-at="2017-10-26T09:08:33Z">
          <reporter-output>
          </reporter-output>
        </test-method> <!-- getLimittedSortedCurrencyRatiosLowestBidPrice -->
        <test-method status="PASS" signature="getSortedCurrency()[pri:0, instance:testing._DbTest@d2cc05a]" name="getSortedCurrency" duration-ms="64" started-at="2017-10-26T09:08:33Z" finished-at="2017-10-26T09:08:33Z">
          <reporter-output>
          </reporter-output>
        </test-method> <!-- getSortedCurrency -->
      </class> <!-- testing._DbTest -->
    </test> <!-- Default test -->
  </suite> <!-- Default suite -->
</testng-results>
