<?xml version="1.0" encoding="UTF-8"?>
<testng-results skipped="0" failed="1" ignored="0" total="5" passed="4">
  <reporter-output>
  </reporter-output>
  <suite name="APISuite" duration-ms="4704" started-at="2017-10-23T10:56:23Z" finished-at="2017-10-23T10:56:27Z">
    <groups>
    </groups>
    <test name="General test" duration-ms="4704" started-at="2017-10-23T10:56:23Z" finished-at="2017-10-23T10:56:27Z">
      <class name="testing._DbTest">
        <test-method status="FAIL" signature="create()[pri:0, instance:testing._DbTest@457e2f02]" name="create" duration-ms="3511" started-at="2017-10-23T12:56:24Z" finished-at="2017-10-23T12:56:27Z">
          <exception class="java.lang.RuntimeException">
            <full-stacktrace>
              <![CDATA[java.lang.RuntimeException
	at db.DbConnection.makeDefaultPostgreConnection(DbConnection.java:46)
	at testing._DbTest.create(_DbTest.java:14)
	at sun.reflect.NativeMethodAccessorImpl.invoke0(Native Method)
	at sun.reflect.NativeMethodAccessorImpl.invoke(NativeMethodAccessorImpl.java:62)
	at sun.reflect.DelegatingMethodAccessorImpl.invoke(DelegatingMethodAccessorImpl.java:43)
	at java.lang.reflect.Method.invoke(Method.java:498)
	at org.testng.internal.MethodInvocationHelper.invokeMethod(MethodInvocationHelper.java:108)
	at org.testng.internal.Invoker.invokeMethod(Invoker.java:669)
	at org.testng.internal.Invoker.invokeTestMethod(Invoker.java:877)
	at org.testng.internal.Invoker.invokeTestMethods(Invoker.java:1201)
	at org.testng.internal.TestMethodWorker.invokeTestMethods(TestMethodWorker.java:125)
	at org.testng.internal.TestMethodWorker.run(TestMethodWorker.java:109)
	at org.testng.TestRunner.privateRun(TestRunner.java:776)
	at org.testng.TestRunner.run(TestRunner.java:634)
	at org.testng.SuiteRunner.runTest(SuiteRunner.java:425)
	at org.testng.SuiteRunner.runSequentially(SuiteRunner.java:420)
	at org.testng.SuiteRunner.privateRun(SuiteRunner.java:385)
	at org.testng.SuiteRunner.run(SuiteRunner.java:334)
	at org.testng.SuiteRunnerWorker.runSuite(SuiteRunnerWorker.java:52)
	at org.testng.SuiteRunnerWorker.run(SuiteRunnerWorker.java:86)
	at org.testng.TestNG.runSuitesSequentially(TestNG.java:1318)
	at org.testng.TestNG.runSuitesLocally(TestNG.java:1243)
	at org.testng.TestNG.runSuites(TestNG.java:1161)
	at org.testng.TestNG.run(TestNG.java:1129)
	at org.testng.remote.AbstractRemoteTestNG.run(AbstractRemoteTestNG.java:114)
	at org.testng.remote.RemoteTestNG.initAndRun(RemoteTestNG.java:251)
	at org.testng.remote.RemoteTestNG.main(RemoteTestNG.java:77)
]]>
            </full-stacktrace>
          </exception> <!-- java.lang.RuntimeException -->
          <reporter-output>
          </reporter-output>
        </test-method> <!-- create -->
      </class> <!-- testing._DbTest -->
      <class name="testing._SmokeTest">
        <test-method status="PASS" signature="setUpBeforeClass()[pri:0, instance:testing._SmokeTest@4cc0edeb]" name="setUpBeforeClass" is-config="true" duration-ms="21" started-at="2017-10-23T12:56:23Z" finished-at="2017-10-23T12:56:23Z">
          <reporter-output>
          </reporter-output>
        </test-method> <!-- setUpBeforeClass -->
        <test-method status="PASS" signature="setUp()[pri:0, instance:testing._SmokeTest@4cc0edeb]" name="setUp" is-config="true" duration-ms="95" started-at="2017-10-23T12:56:23Z" finished-at="2017-10-23T12:56:23Z">
          <reporter-output>
          </reporter-output>
        </test-method> <!-- setUp -->
        <test-method status="PASS" signature="testActualExchangeForUSD()[pri:0, instance:testing._SmokeTest@4cc0edeb]" name="testActualExchangeForUSD" duration-ms="557" started-at="2017-10-23T12:56:23Z" finished-at="2017-10-23T12:56:23Z">
          <reporter-output>
          </reporter-output>
        </test-method> <!-- testActualExchangeForUSD -->
        <test-method status="PASS" signature="tearDown()[pri:0, instance:testing._SmokeTest@4cc0edeb]" name="tearDown" is-config="true" duration-ms="0" started-at="2017-10-23T12:56:23Z" finished-at="2017-10-23T12:56:23Z">
          <reporter-output>
          </reporter-output>
        </test-method> <!-- tearDown -->
        <test-method status="PASS" signature="setUp()[pri:0, instance:testing._SmokeTest@4cc0edeb]" name="setUp" is-config="true" duration-ms="1" started-at="2017-10-23T12:56:23Z" finished-at="2017-10-23T12:56:23Z">
          <reporter-output>
          </reporter-output>
        </test-method> <!-- setUp -->
        <test-method status="PASS" signature="testGeneralExchangeForUSD()[pri:0, instance:testing._SmokeTest@4cc0edeb]" name="testGeneralExchangeForUSD" duration-ms="81" started-at="2017-10-23T12:56:23Z" finished-at="2017-10-23T12:56:24Z">
          <reporter-output>
          </reporter-output>
        </test-method> <!-- testGeneralExchangeForUSD -->
        <test-method status="PASS" signature="tearDown()[pri:0, instance:testing._SmokeTest@4cc0edeb]" name="tearDown" is-config="true" duration-ms="0" started-at="2017-10-23T12:56:24Z" finished-at="2017-10-23T12:56:24Z">
          <reporter-output>
          </reporter-output>
        </test-method> <!-- tearDown -->
        <test-method status="PASS" signature="setUp()[pri:0, instance:testing._SmokeTest@4cc0edeb]" name="setUp" is-config="true" duration-ms="1" started-at="2017-10-23T12:56:24Z" finished-at="2017-10-23T12:56:24Z">
          <reporter-output>
          </reporter-output>
        </test-method> <!-- setUp -->
        <test-method status="PASS" signature="testGeneralPeriodTimedExchangeWeekAgo()[pri:0, instance:testing._SmokeTest@4cc0edeb]" name="testGeneralPeriodTimedExchangeWeekAgo" duration-ms="247" started-at="2017-10-23T12:56:24Z" finished-at="2017-10-23T12:56:24Z">
          <reporter-output>
          </reporter-output>
        </test-method> <!-- testGeneralPeriodTimedExchangeWeekAgo -->
        <test-method status="PASS" signature="tearDown()[pri:0, instance:testing._SmokeTest@4cc0edeb]" name="tearDown" is-config="true" duration-ms="0" started-at="2017-10-23T12:56:24Z" finished-at="2017-10-23T12:56:24Z">
          <reporter-output>
          </reporter-output>
        </test-method> <!-- tearDown -->
        <test-method status="PASS" signature="setUp()[pri:0, instance:testing._SmokeTest@4cc0edeb]" name="setUp" is-config="true" duration-ms="1" started-at="2017-10-23T12:56:24Z" finished-at="2017-10-23T12:56:24Z">
          <reporter-output>
          </reporter-output>
        </test-method> <!-- setUp -->
        <test-method status="PASS" signature="testGeneralTimedExchangeForUSDWeekAgo()[pri:0, instance:testing._SmokeTest@4cc0edeb]" name="testGeneralTimedExchangeForUSDWeekAgo" duration-ms="79" started-at="2017-10-23T12:56:24Z" finished-at="2017-10-23T12:56:24Z">
          <reporter-output>
          </reporter-output>
        </test-method> <!-- testGeneralTimedExchangeForUSDWeekAgo -->
        <test-method status="PASS" signature="tearDown()[pri:0, instance:testing._SmokeTest@4cc0edeb]" name="tearDown" is-config="true" duration-ms="5" started-at="2017-10-23T12:56:24Z" finished-at="2017-10-23T12:56:24Z">
          <reporter-output>
          </reporter-output>
        </test-method> <!-- tearDown -->
        <test-method status="PASS" signature="tearDownAfterClass()[pri:0, instance:testing._SmokeTest@4cc0edeb]" name="tearDownAfterClass" is-config="true" duration-ms="0" started-at="2017-10-23T12:56:24Z" finished-at="2017-10-23T12:56:24Z">
          <reporter-output>
          </reporter-output>
        </test-method> <!-- tearDownAfterClass -->
      </class> <!-- testing._SmokeTest -->
    </test> <!-- General test -->
  </suite> <!-- APISuite -->
</testng-results>
