<?xml version="1.0" encoding="UTF-8"?>
<testng-results skipped="0" failed="0" ignored="6" total="8" passed="2">
  <reporter-output>
  </reporter-output>
  <suite name="Default suite" duration-ms="15356" started-at="2017-10-29T22:09:48Z" finished-at="2017-10-29T22:10:03Z">
    <groups>
    </groups>
    <test name="Default test" duration-ms="15356" started-at="2017-10-29T22:09:48Z" finished-at="2017-10-29T22:10:03Z">
      <class name="testing._DbTest">
        <test-method status="PASS" signature="setUp()[pri:0, instance:testing._DbTest@c038203]" name="setUp" is-config="true" duration-ms="11" started-at="2017-10-29T23:09:48Z" finished-at="2017-10-29T23:09:48Z">
          <reporter-output>
          </reporter-output>
        </test-method> <!-- setUp -->
        <test-method status="PASS" signature="shouldCreateDefaultConnection()[pri:0, instance:testing._DbTest@c038203]" name="shouldCreateDefaultConnection" duration-ms="6512" started-at="2017-10-29T23:09:48Z" finished-at="2017-10-29T23:09:54Z">
          <reporter-output>
          </reporter-output>
        </test-method> <!-- shouldCreateDefaultConnection -->
        <test-method status="PASS" signature="setUp()[pri:0, instance:testing._DbTest@c038203]" name="setUp" is-config="true" duration-ms="0" started-at="2017-10-29T23:09:54Z" finished-at="2017-10-29T23:09:54Z">
          <reporter-output>
          </reporter-output>
        </test-method> <!-- setUp -->
        <test-method status="PASS" signature="shouldGatheredCurrenciesData()[pri:0, instance:testing._DbTest@c038203]" name="shouldGatheredCurrenciesData" duration-ms="8789" started-at="2017-10-29T23:09:54Z" depends-on-methods="testing._DbTest.shouldCreateDefaultConnection" finished-at="2017-10-29T23:10:03Z">
          <reporter-output>
          </reporter-output>
        </test-method> <!-- shouldGatheredCurrenciesData -->
      </class> <!-- testing._DbTest -->
    </test> <!-- Default test -->
  </suite> <!-- Default suite -->
</testng-results>
