<?xml version="1.0" encoding="UTF-8"?>
<testng-results skipped="0" failed="1" ignored="0" total="5" passed="4">
  <reporter-output>
  </reporter-output>
  <suite name="APISuite" duration-ms="4292" started-at="2017-10-23T08:12:04Z" finished-at="2017-10-23T08:12:08Z">
    <groups>
    </groups>
    <test name="General test" duration-ms="4292" started-at="2017-10-23T08:12:04Z" finished-at="2017-10-23T08:12:08Z">
      <class name="testing._DbTest">
        <test-method status="FAIL" signature="create()[pri:0, instance:testing._DbTest@20e2cbe0]" name="create" duration-ms="3189" started-at="2017-10-23T10:12:05Z" finished-at="2017-10-23T10:12:08Z">
          <exception class="java.lang.ExceptionInInitializerError">
            <full-stacktrace>
              <![CDATA[java.lang.ExceptionInInitializerError
	at db.DbConnection.buildSessionFactory(DbConnection.java:99)
	at db.DbConnection.<clinit>(DbConnection.java:88)
	at testing._DbTest.create(_DbTest.java:14)
	at sun.reflect.NativeMethodAccessorImpl.invoke0(Native Method)
	at sun.reflect.NativeMethodAccessorImpl.invoke(NativeMethodAccessorImpl.java:62)
	at sun.reflect.DelegatingMethodAccessorImpl.invoke(DelegatingMethodAccessorImpl.java:43)
	at java.lang.reflect.Method.invoke(Method.java:498)
	at org.testng.internal.MethodInvocationHelper.invokeMethod(MethodInvocationHelper.java:108)
	at org.testng.internal.Invoker.invokeMethod(Invoker.java:669)
	at org.testng.internal.Invoker.invokeTestMethod(Invoker.java:877)
	at org.testng.internal.Invoker.invokeTestMethods(Invoker.java:1201)
	at org.testng.internal.TestMethodWorker.invokeTestMethods(TestMethodWorker.java:125)
	at org.testng.internal.TestMethodWorker.run(TestMethodWorker.java:109)
	at org.testng.TestRunner.privateRun(TestRunner.java:776)
	at org.testng.TestRunner.run(TestRunner.java:634)
	at org.testng.SuiteRunner.runTest(SuiteRunner.java:425)
	at org.testng.SuiteRunner.runSequentially(SuiteRunner.java:420)
	at org.testng.SuiteRunner.privateRun(SuiteRunner.java:385)
	at org.testng.SuiteRunner.run(SuiteRunner.java:334)
	at org.testng.SuiteRunnerWorker.runSuite(SuiteRunnerWorker.java:52)
	at org.testng.SuiteRunnerWorker.run(SuiteRunnerWorker.java:86)
	at org.testng.TestNG.runSuitesSequentially(TestNG.java:1318)
	at org.testng.TestNG.runSuitesLocally(TestNG.java:1243)
	at org.testng.TestNG.runSuites(TestNG.java:1161)
	at org.testng.TestNG.run(TestNG.java:1129)
	at org.testng.remote.AbstractRemoteTestNG.run(AbstractRemoteTestNG.java:114)
	at org.testng.remote.RemoteTestNG.initAndRun(RemoteTestNG.java:251)
	at org.testng.remote.RemoteTestNG.main(RemoteTestNG.java:77)
Caused by: org.hibernate.boot.MappingNotFoundException: Mapping (RESOURCE) not found : db.table.Country : origin(db.table.Country)
	at org.hibernate.boot.spi.XmlMappingBinderAccess.bind(XmlMappingBinderAccess.java:56)
	at org.hibernate.boot.MetadataSources.addResource(MetadataSources.java:274)
	at org.hibernate.boot.cfgxml.spi.MappingReference.apply(MappingReference.java:70)
	at org.hibernate.boot.internal.MetadataBuilderImpl.build(MetadataBuilderImpl.java:413)
	at org.hibernate.boot.internal.MetadataBuilderImpl.build(MetadataBuilderImpl.java:87)
	at org.hibernate.cfg.Configuration.buildSessionFactory(Configuration.java:691)
	at org.hibernate.cfg.Configuration.buildSessionFactory(Configuration.java:726)
	at db.DbConnection.buildSessionFactory(DbConnection.java:95)
	... 27 more
]]>
            </full-stacktrace>
          </exception> <!-- java.lang.ExceptionInInitializerError -->
          <reporter-output>
          </reporter-output>
        </test-method> <!-- create -->
      </class> <!-- testing._DbTest -->
      <class name="testing._SmokeTest">
        <test-method status="PASS" signature="setUpBeforeClass()[pri:0, instance:testing._SmokeTest@2a5ca609]" name="setUpBeforeClass" is-config="true" duration-ms="21" started-at="2017-10-23T10:12:04Z" finished-at="2017-10-23T10:12:04Z">
          <reporter-output>
          </reporter-output>
        </test-method> <!-- setUpBeforeClass -->
        <test-method status="PASS" signature="setUp()[pri:0, instance:testing._SmokeTest@2a5ca609]" name="setUp" is-config="true" duration-ms="296" started-at="2017-10-23T10:12:04Z" finished-at="2017-10-23T10:12:04Z">
          <reporter-output>
          </reporter-output>
        </test-method> <!-- setUp -->
        <test-method status="PASS" signature="testActualExchangeForUSD()[pri:0, instance:testing._SmokeTest@2a5ca609]" name="testActualExchangeForUSD" duration-ms="407" started-at="2017-10-23T10:12:04Z" finished-at="2017-10-23T10:12:05Z">
          <reporter-output>
          </reporter-output>
        </test-method> <!-- testActualExchangeForUSD -->
        <test-method status="PASS" signature="tearDown()[pri:0, instance:testing._SmokeTest@2a5ca609]" name="tearDown" is-config="true" duration-ms="0" started-at="2017-10-23T10:12:05Z" finished-at="2017-10-23T10:12:05Z">
          <reporter-output>
          </reporter-output>
        </test-method> <!-- tearDown -->
        <test-method status="PASS" signature="setUp()[pri:0, instance:testing._SmokeTest@2a5ca609]" name="setUp" is-config="true" duration-ms="2" started-at="2017-10-23T10:12:05Z" finished-at="2017-10-23T10:12:05Z">
          <reporter-output>
          </reporter-output>
        </test-method> <!-- setUp -->
        <test-method status="PASS" signature="testGeneralExchangeForUSD()[pri:0, instance:testing._SmokeTest@2a5ca609]" name="testGeneralExchangeForUSD" duration-ms="55" started-at="2017-10-23T10:12:05Z" finished-at="2017-10-23T10:12:05Z">
          <reporter-output>
          </reporter-output>
        </test-method> <!-- testGeneralExchangeForUSD -->
        <test-method status="PASS" signature="tearDown()[pri:0, instance:testing._SmokeTest@2a5ca609]" name="tearDown" is-config="true" duration-ms="0" started-at="2017-10-23T10:12:05Z" finished-at="2017-10-23T10:12:05Z">
          <reporter-output>
          </reporter-output>
        </test-method> <!-- tearDown -->
        <test-method status="PASS" signature="setUp()[pri:0, instance:testing._SmokeTest@2a5ca609]" name="setUp" is-config="true" duration-ms="1" started-at="2017-10-23T10:12:05Z" finished-at="2017-10-23T10:12:05Z">
          <reporter-output>
          </reporter-output>
        </test-method> <!-- setUp -->
        <test-method status="PASS" signature="testGeneralPeriodTimedExchangeWeekAgo()[pri:0, instance:testing._SmokeTest@2a5ca609]" name="testGeneralPeriodTimedExchangeWeekAgo" duration-ms="86" started-at="2017-10-23T10:12:05Z" finished-at="2017-10-23T10:12:05Z">
          <reporter-output>
          </reporter-output>
        </test-method> <!-- testGeneralPeriodTimedExchangeWeekAgo -->
        <test-method status="PASS" signature="tearDown()[pri:0, instance:testing._SmokeTest@2a5ca609]" name="tearDown" is-config="true" duration-ms="0" started-at="2017-10-23T10:12:05Z" finished-at="2017-10-23T10:12:05Z">
          <reporter-output>
          </reporter-output>
        </test-method> <!-- tearDown -->
        <test-method status="PASS" signature="setUp()[pri:0, instance:testing._SmokeTest@2a5ca609]" name="setUp" is-config="true" duration-ms="3" started-at="2017-10-23T10:12:05Z" finished-at="2017-10-23T10:12:05Z">
          <reporter-output>
          </reporter-output>
        </test-method> <!-- setUp -->
        <test-method status="PASS" signature="testGeneralTimedExchangeForUSDWeekAgo()[pri:0, instance:testing._SmokeTest@2a5ca609]" name="testGeneralTimedExchangeForUSDWeekAgo" duration-ms="62" started-at="2017-10-23T10:12:05Z" finished-at="2017-10-23T10:12:05Z">
          <reporter-output>
          </reporter-output>
        </test-method> <!-- testGeneralTimedExchangeForUSDWeekAgo -->
        <test-method status="PASS" signature="tearDown()[pri:0, instance:testing._SmokeTest@2a5ca609]" name="tearDown" is-config="true" duration-ms="0" started-at="2017-10-23T10:12:05Z" finished-at="2017-10-23T10:12:05Z">
          <reporter-output>
          </reporter-output>
        </test-method> <!-- tearDown -->
        <test-method status="PASS" signature="tearDownAfterClass()[pri:0, instance:testing._SmokeTest@2a5ca609]" name="tearDownAfterClass" is-config="true" duration-ms="1" started-at="2017-10-23T10:12:05Z" finished-at="2017-10-23T10:12:05Z">
          <reporter-output>
          </reporter-output>
        </test-method> <!-- tearDownAfterClass -->
      </class> <!-- testing._SmokeTest -->
    </test> <!-- General test -->
  </suite> <!-- APISuite -->
</testng-results>
