<?xml version="1.0" encoding="UTF-8"?>
<testng-results skipped="0" failed="0" ignored="11" total="12" passed="1">
  <reporter-output>
  </reporter-output>
  <suite name="Default suite" duration-ms="3671" started-at="2017-11-03T07:52:58Z" finished-at="2017-11-03T07:53:02Z">
    <groups>
    </groups>
    <test name="Default test" duration-ms="3671" started-at="2017-11-03T07:52:58Z" finished-at="2017-11-03T07:53:02Z">
      <class name="testing._DbTest">
        <test-method status="PASS" signature="setUp()[pri:0, instance:testing._DbTest@cb5822]" name="setUp" is-config="true" duration-ms="29" started-at="2017-11-03T08:52:58Z" finished-at="2017-11-03T08:52:58Z">
          <reporter-output>
          </reporter-output>
        </test-method> <!-- setUp -->
        <test-method status="PASS" signature="shouldInitializeDbStructure()[pri:0, instance:testing._DbTest@cb5822]" name="shouldInitializeDbStructure" duration-ms="3586" started-at="2017-11-03T08:52:58Z" finished-at="2017-11-03T08:53:02Z">
          <reporter-output>
          </reporter-output>
        </test-method> <!-- shouldInitializeDbStructure -->
      </class> <!-- testing._DbTest -->
    </test> <!-- Default test -->
  </suite> <!-- Default suite -->
</testng-results>
