<?xml version="1.0" encoding="UTF-8"?>
<testng-results skipped="0" failed="0" ignored="8" total="10" passed="2">
  <reporter-output>
  </reporter-output>
  <suite name="Default suite" duration-ms="284853" started-at="2017-10-29T22:36:11Z" finished-at="2017-10-29T22:40:56Z">
    <groups>
    </groups>
    <test name="Default test" duration-ms="284853" started-at="2017-10-29T22:36:11Z" finished-at="2017-10-29T22:40:56Z">
      <class name="testing._DbTest">
        <test-method status="PASS" signature="setUp()[pri:0, instance:testing._DbTest@c038203]" name="setUp" is-config="true" duration-ms="20" started-at="2017-10-29T23:36:11Z" finished-at="2017-10-29T23:36:11Z">
          <reporter-output>
          </reporter-output>
        </test-method> <!-- setUp -->
        <test-method status="PASS" signature="shouldCreateDefaultConnection()[pri:0, instance:testing._DbTest@c038203]" name="shouldCreateDefaultConnection" duration-ms="4970" started-at="2017-10-29T23:36:11Z" finished-at="2017-10-29T23:36:16Z">
          <reporter-output>
          </reporter-output>
        </test-method> <!-- shouldCreateDefaultConnection -->
        <test-method status="PASS" signature="shouldGatheredCurrenciesData()[pri:0, instance:testing._DbTest@c038203]" name="shouldGatheredCurrenciesData" duration-ms="279735" started-at="2017-10-29T23:36:16Z" depends-on-methods="testing._DbTest.shouldCreateDefaultConnection" finished-at="2017-10-29T23:40:56Z">
          <reporter-output>
          </reporter-output>
        </test-method> <!-- shouldGatheredCurrenciesData -->
        <test-method status="PASS" signature="setUp()[pri:0, instance:testing._DbTest@c038203]" name="setUp" is-config="true" duration-ms="0" started-at="2017-10-29T23:36:16Z" finished-at="2017-10-29T23:36:16Z">
          <reporter-output>
          </reporter-output>
        </test-method> <!-- setUp -->
      </class> <!-- testing._DbTest -->
    </test> <!-- Default test -->
  </suite> <!-- Default suite -->
</testng-results>
