<?xml version="1.0" encoding="UTF-8"?>
<testng-results skipped="0" failed="0" ignored="0" total="5" passed="5">
  <reporter-output>
  </reporter-output>
  <suite name="Default suite" duration-ms="66411" started-at="2017-10-25T22:43:18Z" finished-at="2017-10-25T22:44:24Z">
    <groups>
    </groups>
    <test name="Default test" duration-ms="66411" started-at="2017-10-25T22:43:18Z" finished-at="2017-10-25T22:44:24Z">
      <class name="testing._DbTest">
        <test-method status="PASS" signature="createDefaultConnection()[pri:0, instance:testing._DbTest@d2cc05a]" name="createDefaultConnection" duration-ms="34280" started-at="2017-10-26T00:43:18Z" finished-at="2017-10-26T00:43:52Z">
          <reporter-output>
          </reporter-output>
        </test-method> <!-- createDefaultConnection -->
        <test-method status="PASS" signature="getData()[pri:0, instance:testing._DbTest@d2cc05a]" name="getData" duration-ms="31574" started-at="2017-10-26T00:43:52Z" finished-at="2017-10-26T00:44:24Z">
          <reporter-output>
          </reporter-output>
        </test-method> <!-- getData -->
        <test-method status="PASS" signature="getLimittedSortedCurrency()[pri:0, instance:testing._DbTest@d2cc05a]" name="getLimittedSortedCurrency" duration-ms="284" started-at="2017-10-26T00:44:24Z" finished-at="2017-10-26T00:44:24Z">
          <reporter-output>
          </reporter-output>
        </test-method> <!-- getLimittedSortedCurrency -->
        <test-method status="PASS" signature="getLimittedSortedCurrencyRatiosLowestBidPrice()[pri:0, instance:testing._DbTest@d2cc05a]" name="getLimittedSortedCurrencyRatiosLowestBidPrice" duration-ms="6" started-at="2017-10-26T00:44:24Z" finished-at="2017-10-26T00:44:24Z">
          <reporter-output>
          </reporter-output>
        </test-method> <!-- getLimittedSortedCurrencyRatiosLowestBidPrice -->
        <test-method status="PASS" signature="getSortedCurrency()[pri:0, instance:testing._DbTest@d2cc05a]" name="getSortedCurrency" duration-ms="13" started-at="2017-10-26T00:44:24Z" finished-at="2017-10-26T00:44:24Z">
          <reporter-output>
          </reporter-output>
        </test-method> <!-- getSortedCurrency -->
      </class> <!-- testing._DbTest -->
    </test> <!-- Default test -->
  </suite> <!-- Default suite -->
</testng-results>
