<?xml version="1.0" encoding="UTF-8"?>
<testng-results skipped="0" failed="0" ignored="3" total="4" passed="1">
  <reporter-output>
  </reporter-output>
  <suite name="Default suite" duration-ms="518" started-at="2017-10-22T16:23:31Z" finished-at="2017-10-22T16:23:32Z">
    <groups>
    </groups>
    <test name="Default test" duration-ms="518" started-at="2017-10-22T16:23:31Z" finished-at="2017-10-22T16:23:32Z">
      <class name="testing._SmokeTest">
        <test-method status="PASS" signature="setUpBeforeClass()[pri:0, instance:testing._SmokeTest@51efea79]" name="setUpBeforeClass" is-config="true" duration-ms="39" started-at="2017-10-22T18:23:31Z" finished-at="2017-10-22T18:23:31Z">
          <reporter-output>
          </reporter-output>
        </test-method> <!-- setUpBeforeClass -->
        <test-method status="PASS" signature="setUp()[pri:0, instance:testing._SmokeTest@51efea79]" name="setUp" is-config="true" duration-ms="75" started-at="2017-10-22T18:23:31Z" finished-at="2017-10-22T18:23:31Z">
          <reporter-output>
          </reporter-output>
        </test-method> <!-- setUp -->
        <test-method status="PASS" signature="testGeneralPeriodTimedExchangeWeekAgo()[pri:0, instance:testing._SmokeTest@51efea79]" name="testGeneralPeriodTimedExchangeWeekAgo" duration-ms="346" started-at="2017-10-22T18:23:31Z" finished-at="2017-10-22T18:23:32Z">
          <reporter-output>
          </reporter-output>
        </test-method> <!-- testGeneralPeriodTimedExchangeWeekAgo -->
        <test-method status="PASS" signature="tearDown()[pri:0, instance:testing._SmokeTest@51efea79]" name="tearDown" is-config="true" duration-ms="0" started-at="2017-10-22T18:23:32Z" finished-at="2017-10-22T18:23:32Z">
          <reporter-output>
          </reporter-output>
        </test-method> <!-- tearDown -->
        <test-method status="PASS" signature="tearDownAfterClass()[pri:0, instance:testing._SmokeTest@51efea79]" name="tearDownAfterClass" is-config="true" duration-ms="1" started-at="2017-10-22T18:23:32Z" finished-at="2017-10-22T18:23:32Z">
          <reporter-output>
          </reporter-output>
        </test-method> <!-- tearDownAfterClass -->
      </class> <!-- testing._SmokeTest -->
    </test> <!-- Default test -->
  </suite> <!-- Default suite -->
</testng-results>
