<?xml version="1.0" encoding="UTF-8"?>
<testng-results skipped="0" failed="0" ignored="4" total="7" passed="3">
  <reporter-output>
  </reporter-output>
  <suite name="Default suite" duration-ms="7431" started-at="2017-10-29T21:06:25Z" finished-at="2017-10-29T21:06:33Z">
    <groups>
    </groups>
    <test name="Default test" duration-ms="7431" started-at="2017-10-29T21:06:25Z" finished-at="2017-10-29T21:06:33Z">
      <class name="testing._DbTest">
        <test-method status="PASS" signature="setUp()[pri:0, instance:testing._DbTest@6767c1fc]" name="setUp" is-config="true" duration-ms="28" started-at="2017-10-29T22:06:25Z" finished-at="2017-10-29T22:06:25Z">
          <reporter-output>
          </reporter-output>
        </test-method> <!-- setUp -->
        <test-method status="PASS" signature="shouldCreateDefaultConnection()[pri:0, instance:testing._DbTest@6767c1fc]" name="shouldCreateDefaultConnection" duration-ms="6605" started-at="2017-10-29T22:06:25Z" finished-at="2017-10-29T22:06:32Z">
          <reporter-output>
          </reporter-output>
        </test-method> <!-- shouldCreateDefaultConnection -->
        <test-method status="PASS" signature="setUp()[pri:0, instance:testing._DbTest@6767c1fc]" name="setUp" is-config="true" duration-ms="0" started-at="2017-10-29T22:06:32Z" finished-at="2017-10-29T22:06:32Z">
          <reporter-output>
          </reporter-output>
        </test-method> <!-- setUp -->
        <test-method status="PASS" signature="shouldInsertNewCurrency()[pri:0, instance:testing._DbTest@6767c1fc]" name="shouldInsertNewCurrency" duration-ms="716" started-at="2017-10-29T22:06:32Z" depends-on-methods="testing._DbTest.shouldCreateDefaultConnection" finished-at="2017-10-29T22:06:32Z">
          <reporter-output>
          </reporter-output>
        </test-method> <!-- shouldInsertNewCurrency -->
        <test-method status="PASS" signature="setUp()[pri:0, instance:testing._DbTest@6767c1fc]" name="setUp" is-config="true" duration-ms="0" started-at="2017-10-29T22:06:32Z" finished-at="2017-10-29T22:06:32Z">
          <reporter-output>
          </reporter-output>
        </test-method> <!-- setUp -->
        <test-method status="PASS" signature="shouldInsertNewCountry()[pri:0, instance:testing._DbTest@6767c1fc]" name="shouldInsertNewCountry" duration-ms="28" started-at="2017-10-29T22:06:32Z" depends-on-methods="testing._DbTest.shouldInsertNewCurrency, testing._DbTest.shouldCreateDefaultConnection" finished-at="2017-10-29T22:06:33Z">
          <reporter-output>
          </reporter-output>
        </test-method> <!-- shouldInsertNewCountry -->
      </class> <!-- testing._DbTest -->
    </test> <!-- Default test -->
  </suite> <!-- Default suite -->
</testng-results>
