<?xml version="1.0" encoding="UTF-8"?>
<testng-results skipped="0" failed="0" ignored="13" total="15" passed="2">
  <reporter-output>
  </reporter-output>
  <suite name="Default suite" duration-ms="3523414" started-at="2017-11-06T20:31:28Z" finished-at="2017-11-06T21:30:12Z">
    <groups>
    </groups>
    <test name="Default test" duration-ms="3523414" started-at="2017-11-06T20:31:28Z" finished-at="2017-11-06T21:30:12Z">
      <class name="testing._DbTest">
        <test-method status="PASS" signature="setUp()[pri:0, instance:testing._DbTest@2b98378d]" name="setUp" is-config="true" duration-ms="16" started-at="2017-11-06T21:31:28Z" finished-at="2017-11-06T21:31:28Z">
          <reporter-output>
          </reporter-output>
        </test-method> <!-- setUp -->
        <test-method status="PASS" signature="shouldCreateDefaultConnection()[pri:0, instance:testing._DbTest@2b98378d]" name="shouldCreateDefaultConnection" duration-ms="3000" started-at="2017-11-06T21:31:28Z" finished-at="2017-11-06T21:31:31Z">
          <reporter-output>
          </reporter-output>
        </test-method> <!-- shouldCreateDefaultConnection -->
        <test-method status="PASS" signature="setUp()[pri:0, instance:testing._DbTest@2b98378d]" name="setUp" is-config="true" duration-ms="0" started-at="2017-11-06T21:31:31Z" finished-at="2017-11-06T21:31:31Z">
          <reporter-output>
          </reporter-output>
        </test-method> <!-- setUp -->
        <test-method status="PASS" signature="shouldGatherCurrenciesData()[pri:0, instance:testing._DbTest@2b98378d]" name="shouldGatherCurrenciesData" duration-ms="3520355" started-at="2017-11-06T21:31:31Z" depends-on-methods="testing._DbTest.shouldCreateDefaultConnection" finished-at="2017-11-06T22:30:12Z">
          <reporter-output>
          </reporter-output>
        </test-method> <!-- shouldGatherCurrenciesData -->
      </class> <!-- testing._DbTest -->
    </test> <!-- Default test -->
  </suite> <!-- Default suite -->
</testng-results>
