<?xml version="1.0" encoding="UTF-8"?>
<testng-results skipped="0" failed="0" ignored="0" total="2" passed="2">
  <reporter-output>
  </reporter-output>
  <suite name="Default suite" duration-ms="13047" started-at="2017-10-25T06:34:18Z" finished-at="2017-10-25T06:34:31Z">
    <groups>
    </groups>
    <test name="Default test" duration-ms="13047" started-at="2017-10-25T06:34:18Z" finished-at="2017-10-25T06:34:31Z">
      <class name="testing._DbTest">
        <test-method status="PASS" signature="create()[pri:0, instance:testing._DbTest@d2cc05a]" name="create" duration-ms="2856" started-at="2017-10-25T08:34:18Z" finished-at="2017-10-25T08:34:20Z">
          <reporter-output>
          </reporter-output>
        </test-method> <!-- create -->
        <test-method status="PASS" signature="getData()[pri:0, instance:testing._DbTest@d2cc05a]" name="getData" duration-ms="10108" started-at="2017-10-25T08:34:21Z" finished-at="2017-10-25T08:34:31Z">
          <reporter-output>
          </reporter-output>
        </test-method> <!-- getData -->
      </class> <!-- testing._DbTest -->
    </test> <!-- Default test -->
  </suite> <!-- Default suite -->
</testng-results>
